Using pre-set license

 COMMAND LINE ARGUMENTS:
/Applications/Unity/Unity.app/Contents/MacOS/Unity
-adb2
-batchMode
-noUpm
-name
AssetImportWorker0
-projectPath
/Users/jacqueline/Mine Maze
-logFile
Logs/AssetImportWorker0.log
-srvPort
60888
Successfully changed project path to: /Users/jacqueline/Mine Maze
/Users/jacqueline/Mine Maze
Using Asset Import Pipeline V2.
Refreshing native plugins compatible for Editor in 70.92 ms, found 1 plugins.
Preloading 0 native plugins for Editor in 0.00 ms.
Initialize engine version: 2021.2.0a12 (687b3b92c1e8)
[Subsystems] Discovering subsystems at path /Applications/Unity/Unity.app/Contents/Resources/UnitySubsystems
[Subsystems] Discovering subsystems at path /Users/jacqueline/Mine Maze/Assets
GfxDevice: creating device client; threaded=0; jobified=0
(null) preferred device: Apple M1 (high power)
Metal devices available: 1
0: Apple M1 (high power)
Using device Apple M1 (high power)
Initializing Metal device caps: Apple M1
Initialize mono
Mono path[0] = '/Applications/Unity/Unity.app/Contents/Managed'
Mono path[1] = '/Applications/Unity/Unity.app/Contents/MonoBleedingEdge/lib/mono/unityjit'
Mono config path = '/Applications/Unity/Unity.app/Contents/MonoBleedingEdge/etc'
Using monoOptions --debugger-agent=transport=dt_socket,embedding=1,server=y,suspend=n,address=127.0.0.1:56198
Begin MonoManager ReloadAssembly
Registering precompiled unity dll's ...
Register platform support module: /Applications/Unity/Unity.app/Contents/PlaybackEngines/MacStandaloneSupport/UnityEditor.OSXStandalone.Extensions.dll
Registered in 0.000925 seconds.
Native extension for OSXStandalone target not found
Refreshing native plugins compatible for Editor in 72.68 ms, found 1 plugins.
Preloading 0 native plugins for Editor in 0.00 ms.
Mono: successfully reloaded assembly
- Completed reload, in  2.579 seconds
Platform modules already initialized, skipping
Registering precompiled user dll's ...
Registered in 0.003037 seconds.
Begin MonoManager ReloadAssembly
Native extension for OSXStandalone target not found
Refreshing native plugins compatible for Editor in 0.62 ms, found 1 plugins.
Preloading 0 native plugins for Editor in 0.00 ms.
Mono: successfully reloaded assembly
- Completed reload, in  2.274 seconds
Platform modules already initialized, skipping
========================================================================
Worker process is ready to serve import requests
Launching external process: /Applications/Unity/Unity.app/Contents/Tools/UnityShaderCompiler
Launched and connected shader compiler UnityShaderCompiler after 0.04 seconds
Refreshing native plugins compatible for Editor in 0.55 ms, found 1 plugins.
Preloading 0 native plugins for Editor in 0.00 ms.
Unloading 2675 Unused Serialized files (Serialized files now loaded: 0)
Unloading 15 unused Assets / (73.1 KB). Loaded Objects now: 3135.
Memory consumption went from 166.8 MB to 166.8 MB.
Total: 1.451917 ms (FindLiveObjects: 0.112833 ms CreateObjectMapping: 0.054042 ms MarkObjects: 1.200833 ms  DeleteObjects: 0.083541 ms)

AssetImportParameters requested are different than current active one (requested -> active):
  custom:video-decoder-ogg-theora: a1e56fd34408186e4bbccfd4996cb3dc -> 
  custom:container-muxer-webm: aa71ff27fc2769a1b78a27578f13a17b -> 
  custom:container-demuxer-webm: 4f35f7cbe854078d1ac9338744f61a02 -> 
  custom:video-encoder-webm-vp8: eb34c28f22e8b96e1ab97ce403110664 -> 
  custom:framework-osx-AVFoundation: e770b220cccbd017edd2c1fefb359320 -> 
  custom:container-demuxer-ogg: 62fdf1f143b41e24485cea50d1cbac27 -> 
  custom:audio-decoder-ogg-vorbis: bf7c407c2cedff20999df2af8eb42d56 -> 
  custom:video-decoder-webm-vp8: 9c59270c3fd7afecdb556c50c9e8de78 -> 
  custom:audio-encoder-webm-vorbis: bf7c407c2cedff20999df2af8eb42d56 -> 
========================================================================
Received Import Request.
  path: Assets/Scenes/Scripts/Maze.cs
  artifactKey: Guid(5fb4a5bfb474e4a06b9e98338eae9762) Importer(815301076,1909f56bfc062723c751e8b465ee728b)
Start importing Assets/Scenes/Scripts/Maze.cs using Guid(5fb4a5bfb474e4a06b9e98338eae9762) Importer(815301076,1909f56bfc062723c751e8b465ee728b)  -> (artifact id: '8f47fe9df5625077725f32d713705c02') in 0.242312 seconds 
========================================================================
Received Import Request.
  Time since last request: 139.751492 seconds.
  path: Assets/Scenes/Prefabs/Wall with Painting 1.prefab
  artifactKey: Guid(1b7e551a27add40c69c8d382ce1f7ac3) Importer(815301076,1909f56bfc062723c751e8b465ee728b)
Start importing Assets/Scenes/Prefabs/Wall with Painting 1.prefab using Guid(1b7e551a27add40c69c8d382ce1f7ac3) Importer(815301076,1909f56bfc062723c751e8b465ee728b)  -> (artifact id: 'bfec0eab50a5cdda519be2241d2fb3df') in 0.790440 seconds 
========================================================================
Received Import Request.
  Time since last request: 47.039124 seconds.
  path: Assets/Scenes/Prefabs/MazePassage.prefab
  artifactKey: Guid(626c820829b19439b9ed2a530815d4f4) Importer(815301076,1909f56bfc062723c751e8b465ee728b)
Start importing Assets/Scenes/Prefabs/MazePassage.prefab using Guid(626c820829b19439b9ed2a530815d4f4) Importer(815301076,1909f56bfc062723c751e8b465ee728b)  -> (artifact id: '687af58a0a02cd9ab9aeeffa6ae0a8a0') in 0.013149 seconds 
========================================================================
Received Prepare
Registering precompiled user dll's ...
Registered in 0.001096 seconds.
Begin MonoManager ReloadAssembly
Native extension for OSXStandalone target not found
Refreshing native plugins compatible for Editor in 0.43 ms, found 1 plugins.
Preloading 0 native plugins for Editor in 0.00 ms.
Mono: successfully reloaded assembly
- Completed reload, in  1.910 seconds
Platform modules already initialized, skipping
Refreshing native plugins compatible for Editor in 0.40 ms, found 1 plugins.
Preloading 0 native plugins for Editor in 0.00 ms.
Unloading 2670 Unused Serialized files (Serialized files now loaded: 0)
Unloading 11 unused Assets / (51.1 KB). Loaded Objects now: 3145.
Memory consumption went from 179.7 MB to 179.6 MB.
Total: 1.432834 ms (FindLiveObjects: 0.113500 ms CreateObjectMapping: 0.057333 ms MarkObjects: 1.207833 ms  DeleteObjects: 0.053417 ms)

AssetImportParameters requested are different than current active one (requested -> active):
  custom:video-decoder-ogg-theora: a1e56fd34408186e4bbccfd4996cb3dc -> 
  custom:container-muxer-webm: aa71ff27fc2769a1b78a27578f13a17b -> 
  custom:container-demuxer-webm: 4f35f7cbe854078d1ac9338744f61a02 -> 
  custom:video-encoder-webm-vp8: eb34c28f22e8b96e1ab97ce403110664 -> 
  custom:framework-osx-AVFoundation: e770b220cccbd017edd2c1fefb359320 -> 
  custom:container-demuxer-ogg: 62fdf1f143b41e24485cea50d1cbac27 -> 
  custom:audio-decoder-ogg-vorbis: bf7c407c2cedff20999df2af8eb42d56 -> 
  custom:video-decoder-webm-vp8: 9c59270c3fd7afecdb556c50c9e8de78 -> 
  custom:audio-encoder-webm-vorbis: bf7c407c2cedff20999df2af8eb42d56 -> 
========================================================================
Received Prepare
Registering precompiled user dll's ...
Registered in 0.001915 seconds.
Begin MonoManager ReloadAssembly
Native extension for OSXStandalone target not found
Refreshing native plugins compatible for Editor in 0.46 ms, found 1 plugins.
Preloading 0 native plugins for Editor in 0.00 ms.
Mono: successfully reloaded assembly
- Completed reload, in  1.905 seconds
Platform modules already initialized, skipping
Refreshing native plugins compatible for Editor in 0.44 ms, found 1 plugins.
Preloading 0 native plugins for Editor in 0.00 ms.
Unloading 2670 Unused Serialized files (Serialized files now loaded: 0)
Unloading 10 unused Assets / (49.1 KB). Loaded Objects now: 3148.
Memory consumption went from 179.9 MB to 179.8 MB.
Total: 1.432000 ms (FindLiveObjects: 0.115166 ms CreateObjectMapping: 0.051167 ms MarkObjects: 1.221084 ms  DeleteObjects: 0.043792 ms)

AssetImportParameters requested are different than current active one (requested -> active):
  custom:video-decoder-ogg-theora: a1e56fd34408186e4bbccfd4996cb3dc -> 
  custom:container-muxer-webm: aa71ff27fc2769a1b78a27578f13a17b -> 
  custom:container-demuxer-webm: 4f35f7cbe854078d1ac9338744f61a02 -> 
  custom:video-encoder-webm-vp8: eb34c28f22e8b96e1ab97ce403110664 -> 
  custom:framework-osx-AVFoundation: e770b220cccbd017edd2c1fefb359320 -> 
  custom:container-demuxer-ogg: 62fdf1f143b41e24485cea50d1cbac27 -> 
  custom:audio-decoder-ogg-vorbis: bf7c407c2cedff20999df2af8eb42d56 -> 
  custom:video-decoder-webm-vp8: 9c59270c3fd7afecdb556c50c9e8de78 -> 
  custom:audio-encoder-webm-vorbis: bf7c407c2cedff20999df2af8eb42d56 -> 
========================================================================
Received Import Request.
  Time since last request: 556.521411 seconds.
  path: Assets/Scenes/Prefabs/Maze.prefab
  artifactKey: Guid(b92a9165c7e7141e997b7523c48e5598) Importer(815301076,1909f56bfc062723c751e8b465ee728b)
Start importing Assets/Scenes/Prefabs/Maze.prefab using Guid(b92a9165c7e7141e997b7523c48e5598) Importer(815301076,1909f56bfc062723c751e8b465ee728b)  -> (artifact id: 'a4ec7c817dc5fb72b752415e9172009e') in 0.079017 seconds 
========================================================================
Received Prepare
Registering precompiled user dll's ...
Registered in 0.000942 seconds.
Begin MonoManager ReloadAssembly
Native extension for OSXStandalone target not found
Refreshing native plugins compatible for Editor in 0.42 ms, found 1 plugins.
Preloading 0 native plugins for Editor in 0.00 ms.
Mono: successfully reloaded assembly
- Completed reload, in  1.852 seconds
Platform modules already initialized, skipping
Refreshing native plugins compatible for Editor in 0.28 ms, found 1 plugins.
Preloading 0 native plugins for Editor in 0.00 ms.
Unloading 2670 Unused Serialized files (Serialized files now loaded: 0)
Unloading 10 unused Assets / (49.2 KB). Loaded Objects now: 3152.
Memory consumption went from 180.1 MB to 180.1 MB.
Total: 1.406458 ms (FindLiveObjects: 0.105959 ms CreateObjectMapping: 0.050916 ms MarkObjects: 1.198459 ms  DeleteObjects: 0.050333 ms)

AssetImportParameters requested are different than current active one (requested -> active):
  custom:video-decoder-ogg-theora: a1e56fd34408186e4bbccfd4996cb3dc -> 
  custom:container-muxer-webm: aa71ff27fc2769a1b78a27578f13a17b -> 
  custom:container-demuxer-webm: 4f35f7cbe854078d1ac9338744f61a02 -> 
  custom:video-encoder-webm-vp8: eb34c28f22e8b96e1ab97ce403110664 -> 
  custom:framework-osx-AVFoundation: e770b220cccbd017edd2c1fefb359320 -> 
  custom:container-demuxer-ogg: 62fdf1f143b41e24485cea50d1cbac27 -> 
  custom:audio-decoder-ogg-vorbis: bf7c407c2cedff20999df2af8eb42d56 -> 
  custom:video-decoder-webm-vp8: 9c59270c3fd7afecdb556c50c9e8de78 -> 
  custom:audio-encoder-webm-vorbis: bf7c407c2cedff20999df2af8eb42d56 -> 
